<?xml version="1.0" encoding="UTF-8"?>
<testng-results ignored="0" total="1" passed="1" failed="0" skipped="0">
  <reporter-output>
  </reporter-output>
  <suite started-at="2023-11-23T14:25:56 IST" name="Default suite" finished-at="2023-11-23T14:26:24 IST" duration-ms="27970">
    <groups>
    </groups>
    <test started-at="2023-11-23T14:25:56 IST" name="Default test" finished-at="2023-11-23T14:26:24 IST" duration-ms="27970">
      <class name="caw.cawAssignment.Login">
        <test-method is-config="true" signature="setUp()[pri:0, instance:caw.cawAssignment.Login@26d9b808]" started-at="2023-11-23T14:25:56 IST" name="setUp" finished-at="2023-11-23T14:26:05 IST" duration-ms="9412" status="PASS">
          <reporter-output>
          </reporter-output>
        </test-method> <!-- setUp -->
        <test-method signature="loginToWebsite()[pri:0, instance:caw.cawAssignment.Login@26d9b808]" started-at="2023-11-23T14:26:05 IST" name="loginToWebsite" finished-at="2023-11-23T14:26:23 IST" duration-ms="17336" status="PASS">
          <reporter-output>
          </reporter-output>
        </test-method> <!-- loginToWebsite -->
        <test-method is-config="true" signature="tearDown()[pri:0, instance:caw.cawAssignment.Login@26d9b808]" started-at="2023-11-23T14:26:23 IST" name="tearDown" finished-at="2023-11-23T14:26:24 IST" duration-ms="1051" status="PASS">
          <reporter-output>
          </reporter-output>
        </test-method> <!-- tearDown -->
      </class> <!-- caw.cawAssignment.Login -->
    </test> <!-- Default test -->
  </suite> <!-- Default suite -->
</testng-results>
